
*** Running vivado
    with args -log Top.vdi -applog -m64 -product Vivado -messageDb vivado.pb -mode batch -source Top.tcl -notrace



****** Vivado v2024.1 (64-bit)
  **** SW Build 5076996 on Wed May 22 18:37:14 MDT 2024
  **** IP Build 5075265 on Wed May 22 21:45:21 MDT 2024
  **** SharedData Build 5076995 on Wed May 22 18:29:18 MDT 2024
  **** Start of session at: Tue Oct 29 15:49:49 2024
    ** Copyright 1986-2022 Xilinx, Inc. All Rights Reserved.
    ** Copyright 2022-2024 Advanced Micro Devices, Inc. All Rights Reserved.

source Top.tcl -notrace
create_project: Time (s): cpu = 00:00:06 ; elapsed = 00:00:12 . Memory (MB): peak = 552.738 ; gain = 236.277
Command: link_design -top Top -part xc7z010clg400-1
Design is defaulting to srcset: sources_1
Design is defaulting to constrset: constrs_1
INFO: [Device 21-403] Loading part xc7z010clg400-1
INFO: [Device 21-9227] Part: xc7z010clg400-1 does not have CEAM library.
Netlist sorting complete. Time (s): cpu = 00:00:00 ; elapsed = 00:00:00 . Memory (MB): peak = 956.516 ; gain = 0.000
INFO: [Project 1-479] Netlist was created with Vivado 2024.1
INFO: [Project 1-570] Preparing netlist for logic optimization
Parsing XDC File [C:/Users/tamka/OneDrive/Documents/Vivado_projects/project_assignment_2/Nexys4DDR_Master.xdc]
CRITICAL WARNING: [Vivado 12-1411] Cannot set LOC property of ports, Site location is not valid [C:/Users/tamka/OneDrive/Documents/Vivado_projects/project_assignment_2/Nexys4DDR_Master.xdc:7]
CRITICAL WARNING: [Vivado 12-1411] Cannot set LOC property of ports, Site location is not valid [C:/Users/tamka/OneDrive/Documents/Vivado_projects/project_assignment_2/Nexys4DDR_Master.xdc:82]
Finished Parsing XDC File [C:/Users/tamka/OneDrive/Documents/Vivado_projects/project_assignment_2/Nexys4DDR_Master.xdc]
INFO: [Opt 31-138] Pushed 0 inverter(s) to 0 load pin(s).
Netlist sorting complete. Time (s): cpu = 00:00:00 ; elapsed = 00:00:00 . Memory (MB): peak = 1087.621 ; gain = 0.000
INFO: [Project 1-111] Unisim Transformation Summary:
No Unisim elements were transformed.

6 Infos, 0 Warnings, 2 Critical Warnings and 0 Errors encountered.
link_design completed successfully
link_design: Time (s): cpu = 00:00:04 ; elapsed = 00:00:09 . Memory (MB): peak = 1091.652 ; gain = 538.914
Command: opt_design
Attempting to get a license for feature 'Implementation' and/or device 'xc7z010'
INFO: [Common 17-349] Got license for feature 'Implementation' and/or device 'xc7z010'
Running DRC as a precondition to command opt_design

Starting DRC Task
INFO: [DRC 23-27] Running DRC with 2 threads
INFO: [Project 1-461] DRC finished with 0 Errors
INFO: [Project 1-462] Please refer to the DRC report (report_drc) for more information.

Time (s): cpu = 00:00:01 ; elapsed = 00:00:01 . Memory (MB): peak = 1116.859 ; gain = 25.207

Starting Cache Timing Information Task
INFO: [Timing 38-35] Done setting XDC timing constraints.
Ending Cache Timing Information Task | Checksum: 137e2d5b9

Time (s): cpu = 00:00:05 ; elapsed = 00:00:09 . Memory (MB): peak = 1652.109 ; gain = 535.250

Starting Logic Optimization Task

Phase 1 Initialization

Phase 1.1 Core Generation And Design Setup
Phase 1.1 Core Generation And Design Setup | Checksum: 137e2d5b9

Time (s): cpu = 00:00:00 ; elapsed = 00:00:00.001 . Memory (MB): peak = 2028.879 ; gain = 0.000

Phase 1.2 Setup Constraints And Sort Netlist
Phase 1.2 Setup Constraints And Sort Netlist | Checksum: 137e2d5b9

Time (s): cpu = 00:00:00 ; elapsed = 00:00:00.003 . Memory (MB): peak = 2028.879 ; gain = 0.000
Phase 1 Initialization | Checksum: 137e2d5b9

Time (s): cpu = 00:00:00 ; elapsed = 00:00:00.003 . Memory (MB): peak = 2028.879 ; gain = 0.000

Phase 2 Timer Update And Timing Data Collection

Phase 2.1 Timer Update
Phase 2.1 Timer Update | Checksum: 137e2d5b9

Time (s): cpu = 00:00:00 ; elapsed = 00:00:00.013 . Memory (MB): peak = 2028.879 ; gain = 0.000

Phase 2.2 Timing Data Collection
Phase 2.2 Timing Data Collection | Checksum: 137e2d5b9

Time (s): cpu = 00:00:00 ; elapsed = 00:00:00.023 . Memory (MB): peak = 2028.879 ; gain = 0.000
Phase 2 Timer Update And Timing Data Collection | Checksum: 137e2d5b9

Time (s): cpu = 00:00:00 ; elapsed = 00:00:00.024 . Memory (MB): peak = 2028.879 ; gain = 0.000

Phase 3 Retarget
INFO: [Opt 31-1834] Total Chains To Be Transformed Were: 0 AND Number of Transformed insts Created are: 0
INFO: [Opt 31-138] Pushed 0 inverter(s) to 0 load pin(s).
INFO: [Opt 31-49] Retargeted 0 cell(s).
Phase 3 Retarget | Checksum: 137e2d5b9

Time (s): cpu = 00:00:00 ; elapsed = 00:00:00.028 . Memory (MB): peak = 2028.879 ; gain = 0.000
Retarget | Checksum: 137e2d5b9
INFO: [Opt 31-389] Phase Retarget created 0 cells and removed 0 cells

Phase 4 Constant propagation
INFO: [Opt 31-138] Pushed 0 inverter(s) to 0 load pin(s).
Phase 4 Constant propagation | Checksum: 137e2d5b9

Time (s): cpu = 00:00:00 ; elapsed = 00:00:00.030 . Memory (MB): peak = 2028.879 ; gain = 0.000
Constant propagation | Checksum: 137e2d5b9
INFO: [Opt 31-389] Phase Constant propagation created 0 cells and removed 0 cells

Phase 5 Sweep
Phase 5 Sweep | Checksum: 137e2d5b9

Time (s): cpu = 00:00:00 ; elapsed = 00:00:00.031 . Memory (MB): peak = 2028.879 ; gain = 0.000
Sweep | Checksum: 137e2d5b9
INFO: [Opt 31-389] Phase Sweep created 0 cells and removed 0 cells

Phase 6 BUFG optimization
Phase 6 BUFG optimization | Checksum: 137e2d5b9

Time (s): cpu = 00:00:00 ; elapsed = 00:00:00.089 . Memory (MB): peak = 2028.879 ; gain = 0.000
BUFG optimization | Checksum: 137e2d5b9
INFO: [Opt 31-662] Phase BUFG optimization created 0 cells of which 0 are BUFGs and removed 0 cells.

Phase 7 Shift Register Optimization
INFO: [Opt 31-1064] SRL Remap converted 0 SRLs to 0 registers and converted 0 registers of register chains to 0 SRLs
Phase 7 Shift Register Optimization | Checksum: 137e2d5b9

Time (s): cpu = 00:00:00 ; elapsed = 00:00:00.091 . Memory (MB): peak = 2028.879 ; gain = 0.000
Shift Register Optimization | Checksum: 137e2d5b9
INFO: [Opt 31-389] Phase Shift Register Optimization created 0 cells and removed 0 cells

Phase 8 Post Processing Netlist
Phase 8 Post Processing Netlist | Checksum: 137e2d5b9

Time (s): cpu = 00:00:00 ; elapsed = 00:00:00.092 . Memory (MB): peak = 2028.879 ; gain = 0.000
Post Processing Netlist | Checksum: 137e2d5b9
INFO: [Opt 31-389] Phase Post Processing Netlist created 0 cells and removed 0 cells

Phase 9 Finalization

Phase 9.1 Finalizing Design Cores and Updating Shapes
Phase 9.1 Finalizing Design Cores and Updating Shapes | Checksum: 137e2d5b9

Time (s): cpu = 00:00:00 ; elapsed = 00:00:00.093 . Memory (MB): peak = 2028.879 ; gain = 0.000

Phase 9.2 Verifying Netlist Connectivity

Starting Connectivity Check Task

Time (s): cpu = 00:00:00 ; elapsed = 00:00:00.001 . Memory (MB): peak = 2028.879 ; gain = 0.000
Phase 9.2 Verifying Netlist Connectivity | Checksum: 137e2d5b9

Time (s): cpu = 00:00:00 ; elapsed = 00:00:00.094 . Memory (MB): peak = 2028.879 ; gain = 0.000
Phase 9 Finalization | Checksum: 137e2d5b9

Time (s): cpu = 00:00:00 ; elapsed = 00:00:00.094 . Memory (MB): peak = 2028.879 ; gain = 0.000
Opt_design Change Summary
=========================


-------------------------------------------------------------------------------------------------------------------------
|  Phase                        |  #Cells created  |  #Cells Removed  |  #Constrained objects preventing optimizations  |
-------------------------------------------------------------------------------------------------------------------------
|  Retarget                     |               0  |               0  |                                              0  |
|  Constant propagation         |               0  |               0  |                                              0  |
|  Sweep                        |               0  |               0  |                                              0  |
|  BUFG optimization            |               0  |               0  |                                              0  |
|  Shift Register Optimization  |               0  |               0  |                                              0  |
|  Post Processing Netlist      |               0  |               0  |                                              0  |
-------------------------------------------------------------------------------------------------------------------------


Ending Logic Optimization Task | Checksum: 137e2d5b9

Time (s): cpu = 00:00:00 ; elapsed = 00:00:00.096 . Memory (MB): peak = 2028.879 ; gain = 0.000

Starting Power Optimization Task
INFO: [Pwropt 34-132] Skipping clock gating for clocks with a period < 2.00 ns.
Ending Power Optimization Task | Checksum: 137e2d5b9

Time (s): cpu = 00:00:00 ; elapsed = 00:00:00.010 . Memory (MB): peak = 2028.879 ; gain = 0.000

Starting Final Cleanup Task
Ending Final Cleanup Task | Checksum: 137e2d5b9

Time (s): cpu = 00:00:00 ; elapsed = 00:00:00 . Memory (MB): peak = 2028.879 ; gain = 0.000

Starting Netlist Obfuscation Task
Netlist sorting complete. Time (s): cpu = 00:00:00 ; elapsed = 00:00:00 . Memory (MB): peak = 2028.879 ; gain = 0.000
Ending Netlist Obfuscation Task | Checksum: 137e2d5b9

Time (s): cpu = 00:00:00 ; elapsed = 00:00:00.001 . Memory (MB): peak = 2028.879 ; gain = 0.000
INFO: [Common 17-83] Releasing license: Implementation
24 Infos, 0 Warnings, 2 Critical Warnings and 0 Errors encountered.
opt_design completed successfully
opt_design: Time (s): cpu = 00:00:08 ; elapsed = 00:00:16 . Memory (MB): peak = 2028.879 ; gain = 937.227
INFO: [Vivado 12-24828] Executing command : report_drc -file Top_drc_opted.rpt -pb Top_drc_opted.pb -rpx Top_drc_opted.rpx
Command: report_drc -file Top_drc_opted.rpt -pb Top_drc_opted.pb -rpx Top_drc_opted.rpx
INFO: [IP_Flow 19-234] Refreshing IP repositories
INFO: [IP_Flow 19-1704] No user IP repositories specified
INFO: [IP_Flow 19-2313] Loaded Vivado IP repository 'C:/Xilinx/Vivado/2024.1/data/ip'.
INFO: [DRC 23-27] Running DRC with 2 threads
INFO: [Vivado_Tcl 2-168] The results of DRC are in file C:/Users/tamka/OneDrive/Documents/Vivado_projects/project_assignment_2/project_assignment_2.runs/impl_1/Top_drc_opted.rpt.
report_drc completed successfully
INFO: [Timing 38-480] Writing timing data to binary archive.
Write ShapeDB Complete: Time (s): cpu = 00:00:00 ; elapsed = 00:00:00.001 . Memory (MB): peak = 2028.879 ; gain = 0.000
Wrote PlaceDB: Time (s): cpu = 00:00:00 ; elapsed = 00:00:00.002 . Memory (MB): peak = 2028.879 ; gain = 0.000
Wrote PulsedLatchDB: Time (s): cpu = 00:00:00 ; elapsed = 00:00:00 . Memory (MB): peak = 2028.879 ; gain = 0.000
Writing XDEF routing.
Writing XDEF routing logical nets.
Writing XDEF routing special nets.
Wrote RouteStorage: Time (s): cpu = 00:00:00 ; elapsed = 00:00:00.066 . Memory (MB): peak = 2028.879 ; gain = 0.000
Wrote Netlist Cache: Time (s): cpu = 00:00:00 ; elapsed = 00:00:00 . Memory (MB): peak = 2028.879 ; gain = 0.000
Wrote Device Cache: Time (s): cpu = 00:00:00 ; elapsed = 00:00:00.016 . Memory (MB): peak = 2028.879 ; gain = 0.000
Write Physdb Complete: Time (s): cpu = 00:00:00 ; elapsed = 00:00:00.093 . Memory (MB): peak = 2028.879 ; gain = 0.000
INFO: [Common 17-1381] The checkpoint 'C:/Users/tamka/OneDrive/Documents/Vivado_projects/project_assignment_2/project_assignment_2.runs/impl_1/Top_opt.dcp' has been generated.
Command: place_design
Attempting to get a license for feature 'Implementation' and/or device 'xc7z010'
INFO: [Common 17-349] Got license for feature 'Implementation' and/or device 'xc7z010'
INFO: [Common 17-83] Releasing license: Implementation
INFO: [DRC 23-27] Running DRC with 2 threads
INFO: [Vivado_Tcl 4-198] DRC finished with 0 Errors
INFO: [Vivado_Tcl 4-199] Please refer to the DRC report (report_drc) for more information.
Running DRC as a precondition to command place_design
INFO: [DRC 23-27] Running DRC with 2 threads
INFO: [Vivado_Tcl 4-198] DRC finished with 0 Errors
INFO: [Vivado_Tcl 4-199] Please refer to the DRC report (report_drc) for more information.
INFO: [Place 30-611] Multithreading enabled for place_design using a maximum of 2 CPUs

Starting Placer Task

Phase 1 Placer Initialization

Phase 1.1 Placer Initialization Netlist Sorting
Netlist sorting complete. Time (s): cpu = 00:00:00 ; elapsed = 00:00:00 . Memory (MB): peak = 2028.879 ; gain = 0.000
Phase 1.1 Placer Initialization Netlist Sorting | Checksum: 13258ebfe

Time (s): cpu = 00:00:00 ; elapsed = 00:00:00.001 . Memory (MB): peak = 2028.879 ; gain = 0.000
Netlist sorting complete. Time (s): cpu = 00:00:00 ; elapsed = 00:00:00 . Memory (MB): peak = 2028.879 ; gain = 0.000

Phase 1.2 IO Placement/ Clock Placement/ Build Placer Device
INFO: [Timing 38-35] Done setting XDC timing constraints.
Phase 1.2 IO Placement/ Clock Placement/ Build Placer Device | Checksum: e3dc0d4d

Time (s): cpu = 00:00:01 ; elapsed = 00:00:00.104 . Memory (MB): peak = 2028.879 ; gain = 0.000

Phase 1.3 Build Placer Netlist Model
Phase 1.3 Build Placer Netlist Model | Checksum: 1d678f566

Time (s): cpu = 00:00:01 ; elapsed = 00:00:00.185 . Memory (MB): peak = 2028.879 ; gain = 0.000

Phase 1.4 Constrain Clocks/Macros
Phase 1.4 Constrain Clocks/Macros | Checksum: 1d678f566

Time (s): cpu = 00:00:01 ; elapsed = 00:00:00.187 . Memory (MB): peak = 2028.879 ; gain = 0.000
Phase 1 Placer Initialization | Checksum: 1d678f566

Time (s): cpu = 00:00:01 ; elapsed = 00:00:00.189 . Memory (MB): peak = 2028.879 ; gain = 0.000

Phase 2 Global Placement

Phase 2.1 Floorplanning
Phase 2.1 Floorplanning | Checksum: 17f5e79d0

Time (s): cpu = 00:00:01 ; elapsed = 00:00:00.301 . Memory (MB): peak = 2028.879 ; gain = 0.000

Phase 2.2 Update Timing before SLR Path Opt
Phase 2.2 Update Timing before SLR Path Opt | Checksum: 1cfc7a714

Time (s): cpu = 00:00:01 ; elapsed = 00:00:00.383 . Memory (MB): peak = 2028.879 ; gain = 0.000

Phase 2.3 Post-Processing in Floorplanning
Phase 2.3 Post-Processing in Floorplanning | Checksum: 1cfc7a714

Time (s): cpu = 00:00:01 ; elapsed = 00:00:00.384 . Memory (MB): peak = 2028.879 ; gain = 0.000

Phase 2.4 Global Placement Core

Phase 2.4.1 UpdateTiming Before Physical Synthesis
Phase 2.4.1 UpdateTiming Before Physical Synthesis | Checksum: 1455da684

Time (s): cpu = 00:00:01 ; elapsed = 00:00:01 . Memory (MB): peak = 2028.879 ; gain = 0.000

Phase 2.4.2 Physical Synthesis In Placer
INFO: [Physopt 32-1044] Break lutnm for timing: one critical 0, two critical 0, total 0, new lutff created 0
INFO: [Physopt 32-1138] End 1 Pass. Optimized 0 net or LUT. Breaked 0 LUT, combined 0 existing LUT and moved 0 existing LUT
INFO: [Physopt 32-65] No nets found for high-fanout optimization.
INFO: [Physopt 32-232] Optimized 0 net. Created 0 new instance.
INFO: [Physopt 32-775] End 1 Pass. Optimized 0 net or cell. Created 0 new cell, deleted 0 existing cell and moved 0 existing cell
INFO: [Physopt 32-456] No candidate cells for DSP register optimization found in the design.
INFO: [Physopt 32-775] End 2 Pass. Optimized 0 net or cell. Created 0 new cell, deleted 0 existing cell and moved 0 existing cell
INFO: [Physopt 32-1123] No candidate cells found for Shift Register to Pipeline optimization
INFO: [Physopt 32-775] End 2 Pass. Optimized 0 net or cell. Created 0 new cell, deleted 0 existing cell and moved 0 existing cell
INFO: [Physopt 32-1401] No candidate cells found for Shift Register optimization.
INFO: [Physopt 32-677] No candidate cells for Shift Register optimization found in the design
INFO: [Physopt 32-775] End 1 Pass. Optimized 0 net or cell. Created 0 new cell, deleted 0 existing cell and moved 0 existing cell
INFO: [Physopt 32-526] No candidate cells for BRAM register optimization found in the design
INFO: [Physopt 32-775] End 1 Pass. Optimized 0 net or cell. Created 0 new cell, deleted 0 existing cell and moved 0 existing cell
INFO: [Physopt 32-846] No candidate cells for URAM register optimization found in the design
INFO: [Physopt 32-775] End 1 Pass. Optimized 0 net or cell. Created 0 new cell, deleted 0 existing cell and moved 0 existing cell
INFO: [Physopt 32-846] No candidate cells for URAM register optimization found in the design
INFO: [Physopt 32-775] End 1 Pass. Optimized 0 net or cell. Created 0 new cell, deleted 0 existing cell and moved 0 existing cell
INFO: [Physopt 32-949] No candidate nets found for dynamic/static region interface net replication
INFO: [Physopt 32-775] End 1 Pass. Optimized 0 net or cell. Created 0 new cell, deleted 0 existing cell and moved 0 existing cell
Netlist sorting complete. Time (s): cpu = 00:00:00 ; elapsed = 00:00:00 . Memory (MB): peak = 2028.879 ; gain = 0.000

Summary of Physical Synthesis Optimizations
============================================


-----------------------------------------------------------------------------------------------------------------------------------------------------------
|  Optimization                                     |  Added Cells  |  Removed Cells  |  Optimized Cells/Nets  |  Dont Touch  |  Iterations  |  Elapsed   |
-----------------------------------------------------------------------------------------------------------------------------------------------------------
|  LUT Combining                                    |            0  |              0  |                     0  |           0  |           1  |  00:00:00  |
|  Retime                                           |            0  |              0  |                     0  |           0  |           1  |  00:00:00  |
|  Very High Fanout                                 |            0  |              0  |                     0  |           0  |           1  |  00:00:00  |
|  DSP Register                                     |            0  |              0  |                     0  |           0  |           1  |  00:00:00  |
|  Shift Register to Pipeline                       |            0  |              0  |                     0  |           0  |           1  |  00:00:00  |
|  Shift Register                                   |            0  |              0  |                     0  |           0  |           1  |  00:00:00  |
|  BRAM Register                                    |            0  |              0  |                     0  |           0  |           1  |  00:00:00  |
|  URAM Register                                    |            0  |              0  |                     0  |           0  |           1  |  00:00:00  |
|  Dynamic/Static Region Interface Net Replication  |            0  |              0  |                     0  |           0  |           1  |  00:00:00  |
|  Total                                            |            0  |              0  |                     0  |           0  |           9  |  00:00:00  |
-----------------------------------------------------------------------------------------------------------------------------------------------------------


Phase 2.4.2 Physical Synthesis In Placer | Checksum: 1455da684

Time (s): cpu = 00:00:01 ; elapsed = 00:00:01 . Memory (MB): peak = 2028.879 ; gain = 0.000
Phase 2.4 Global Placement Core | Checksum: 1ac4540f3

Time (s): cpu = 00:00:01 ; elapsed = 00:00:01 . Memory (MB): peak = 2028.879 ; gain = 0.000
Phase 2 Global Placement | Checksum: 1ac4540f3

Time (s): cpu = 00:00:01 ; elapsed = 00:00:01 . Memory (MB): peak = 2028.879 ; gain = 0.000

Phase 3 Detail Placement

Phase 3.1 Commit Multi Column Macros
Phase 3.1 Commit Multi Column Macros | Checksum: 171dfe957

Time (s): cpu = 00:00:01 ; elapsed = 00:00:01 . Memory (MB): peak = 2028.879 ; gain = 0.000

Phase 3.2 Commit Most Macros & LUTRAMs
Phase 3.2 Commit Most Macros & LUTRAMs | Checksum: 10c01a583

Time (s): cpu = 00:00:01 ; elapsed = 00:00:01 . Memory (MB): peak = 2028.879 ; gain = 0.000

Phase 3.3 Area Swap Optimization
Phase 3.3 Area Swap Optimization | Checksum: ed3e23bc

Time (s): cpu = 00:00:01 ; elapsed = 00:00:01 . Memory (MB): peak = 2028.879 ; gain = 0.000

Phase 3.4 Pipeline Register Optimization
Phase 3.4 Pipeline Register Optimization | Checksum: ed3e23bc

Time (s): cpu = 00:00:01 ; elapsed = 00:00:01 . Memory (MB): peak = 2028.879 ; gain = 0.000

Phase 3.5 Fast Optimization
Phase 3.5 Fast Optimization | Checksum: 154cf7e59

Time (s): cpu = 00:00:02 ; elapsed = 00:00:03 . Memory (MB): peak = 2028.879 ; gain = 0.000

Phase 3.6 Small Shape Detail Placement
Phase 3.6 Small Shape Detail Placement | Checksum: 158f88235

Time (s): cpu = 00:00:02 ; elapsed = 00:00:03 . Memory (MB): peak = 2028.879 ; gain = 0.000

Phase 3.7 Re-assign LUT pins
Phase 3.7 Re-assign LUT pins | Checksum: 13fc511e3

Time (s): cpu = 00:00:02 ; elapsed = 00:00:03 . Memory (MB): peak = 2028.879 ; gain = 0.000

Phase 3.8 Pipeline Register Optimization
Phase 3.8 Pipeline Register Optimization | Checksum: 13fc511e3

Time (s): cpu = 00:00:02 ; elapsed = 00:00:03 . Memory (MB): peak = 2028.879 ; gain = 0.000

Phase 3.9 Fast Optimization
Phase 3.9 Fast Optimization | Checksum: 223650ee1

Time (s): cpu = 00:00:02 ; elapsed = 00:00:05 . Memory (MB): peak = 2028.879 ; gain = 0.000
Phase 3 Detail Placement | Checksum: 223650ee1

Time (s): cpu = 00:00:02 ; elapsed = 00:00:05 . Memory (MB): peak = 2028.879 ; gain = 0.000

Phase 4 Post Placement Optimization and Clean-Up

Phase 4.1 Post Commit Optimization
INFO: [Timing 38-35] Done setting XDC timing constraints.

Phase 4.1.1 Post Placement Optimization
Post Placement Optimization Initialization | Checksum: 1ef019d90

Phase 4.1.1.1 BUFG Insertion

Starting Physical Synthesis Task

Phase 1 Physical Synthesis Initialization
INFO: [Physopt 32-721] Multithreading enabled for phys_opt_design using a maximum of 2 CPUs
INFO: [Physopt 32-619] Estimated Timing Summary | WNS=-8.619 | TNS=-8.619 |
Phase 1 Physical Synthesis Initialization | Checksum: 11984311a

Time (s): cpu = 00:00:00 ; elapsed = 00:00:00.006 . Memory (MB): peak = 2028.879 ; gain = 0.000
INFO: [Place 46-56] BUFG insertion identified 0 candidate nets. Inserted BUFG: 0, Replicated BUFG Driver: 0, Skipped due to Placement/Routing Conflicts: 0, Skipped due to Timing Degradation: 0, Skipped due to netlist editing failed: 0.
Ending Physical Synthesis Task | Checksum: 12ca188c9

Time (s): cpu = 00:00:00 ; elapsed = 00:00:00.007 . Memory (MB): peak = 2028.879 ; gain = 0.000
Phase 4.1.1.1 BUFG Insertion | Checksum: 1ef019d90

Time (s): cpu = 00:00:02 ; elapsed = 00:00:05 . Memory (MB): peak = 2028.879 ; gain = 0.000

Phase 4.1.1.2 Post Placement Timing Optimization
INFO: [Place 30-746] Post Placement Timing Summary WNS=-1.855. For the most accurate timing information please run report_timing.
Phase 4.1.1.2 Post Placement Timing Optimization | Checksum: 1a6136a49

Time (s): cpu = 00:00:04 ; elapsed = 00:00:10 . Memory (MB): peak = 2028.879 ; gain = 0.000

Time (s): cpu = 00:00:04 ; elapsed = 00:00:10 . Memory (MB): peak = 2028.879 ; gain = 0.000
Phase 4.1 Post Commit Optimization | Checksum: 1a6136a49

Time (s): cpu = 00:00:04 ; elapsed = 00:00:10 . Memory (MB): peak = 2028.879 ; gain = 0.000

Phase 4.2 Post Placement Cleanup
Phase 4.2 Post Placement Cleanup | Checksum: 1a6136a49

Time (s): cpu = 00:00:04 ; elapsed = 00:00:10 . Memory (MB): peak = 2028.879 ; gain = 0.000

Phase 4.3 Placer Reporting

Phase 4.3.1 Print Estimated Congestion
INFO: [Place 30-612] Post-Placement Estimated Congestion 
 ____________________________________________________
|           | Global Congestion | Short Congestion  |
| Direction | Region Size       | Region Size       |
|___________|___________________|___________________|
|      North|                1x1|                1x1|
|___________|___________________|___________________|
|      South|                1x1|                1x1|
|___________|___________________|___________________|
|       East|                1x1|                1x1|
|___________|___________________|___________________|
|       West|                1x1|                1x1|
|___________|___________________|___________________|

Phase 4.3.1 Print Estimated Congestion | Checksum: 1a6136a49

Time (s): cpu = 00:00:04 ; elapsed = 00:00:10 . Memory (MB): peak = 2028.879 ; gain = 0.000
Phase 4.3 Placer Reporting | Checksum: 1a6136a49

Time (s): cpu = 00:00:04 ; elapsed = 00:00:10 . Memory (MB): peak = 2028.879 ; gain = 0.000

Phase 4.4 Final Placement Cleanup
Netlist sorting complete. Time (s): cpu = 00:00:00 ; elapsed = 00:00:00 . Memory (MB): peak = 2028.879 ; gain = 0.000

Time (s): cpu = 00:00:04 ; elapsed = 00:00:10 . Memory (MB): peak = 2028.879 ; gain = 0.000
Phase 4 Post Placement Optimization and Clean-Up | Checksum: 21c71090c

Time (s): cpu = 00:00:04 ; elapsed = 00:00:10 . Memory (MB): peak = 2028.879 ; gain = 0.000
Ending Placer Task | Checksum: 17fbe5e3f

Time (s): cpu = 00:00:04 ; elapsed = 00:00:10 . Memory (MB): peak = 2028.879 ; gain = 0.000
68 Infos, 0 Warnings, 2 Critical Warnings and 0 Errors encountered.
place_design completed successfully
place_design: Time (s): cpu = 00:00:05 ; elapsed = 00:00:13 . Memory (MB): peak = 2028.879 ; gain = 0.000
INFO: [Vivado 12-24838] Running report commands "report_control_sets, report_io, report_utilization" in parallel.
Running report generation with 2 threads.
INFO: [Vivado 12-24828] Executing command : report_utilization -file Top_utilization_placed.rpt -pb Top_utilization_placed.pb
INFO: [Vivado 12-24828] Executing command : report_control_sets -verbose -file Top_control_sets_placed.rpt
report_control_sets: Time (s): cpu = 00:00:00 ; elapsed = 00:00:00.003 . Memory (MB): peak = 2028.879 ; gain = 0.000
INFO: [Vivado 12-24828] Executing command : report_io -file Top_io_placed.rpt
report_io: Time (s): cpu = 00:00:00 ; elapsed = 00:00:00.074 . Memory (MB): peak = 2028.879 ; gain = 0.000
Write ShapeDB Complete: Time (s): cpu = 00:00:00 ; elapsed = 00:00:00.001 . Memory (MB): peak = 2028.879 ; gain = 0.000
INFO: [Timing 38-480] Writing timing data to binary archive.
Wrote PlaceDB: Time (s): cpu = 00:00:00 ; elapsed = 00:00:00.007 . Memory (MB): peak = 2028.879 ; gain = 0.000
Wrote PulsedLatchDB: Time (s): cpu = 00:00:00 ; elapsed = 00:00:00 . Memory (MB): peak = 2028.879 ; gain = 0.000
Writing XDEF routing.
Writing XDEF routing logical nets.
Writing XDEF routing special nets.
Wrote RouteStorage: Time (s): cpu = 00:00:00 ; elapsed = 00:00:00.035 . Memory (MB): peak = 2028.879 ; gain = 0.000
Wrote Netlist Cache: Time (s): cpu = 00:00:00 ; elapsed = 00:00:00 . Memory (MB): peak = 2028.879 ; gain = 0.000
Wrote Device Cache: Time (s): cpu = 00:00:00 ; elapsed = 00:00:00.014 . Memory (MB): peak = 2028.879 ; gain = 0.000
Write Physdb Complete: Time (s): cpu = 00:00:00 ; elapsed = 00:00:00.065 . Memory (MB): peak = 2028.879 ; gain = 0.000
INFO: [Common 17-1381] The checkpoint 'C:/Users/tamka/OneDrive/Documents/Vivado_projects/project_assignment_2/project_assignment_2.runs/impl_1/Top_placed.dcp' has been generated.
Command: phys_opt_design
Attempting to get a license for feature 'Implementation' and/or device 'xc7z010'
INFO: [Common 17-349] Got license for feature 'Implementation' and/or device 'xc7z010'

Starting Initial Update Timing Task

Time (s): cpu = 00:00:00 ; elapsed = 00:00:00.017 . Memory (MB): peak = 2028.879 ; gain = 0.000
INFO: [Vivado_Tcl 4-1435] PhysOpt_Tcl_Interface Runtime Before Starting Physical Synthesis Task | CPU: 0.00s |  WALL: 0.03s
Netlist sorting complete. Time (s): cpu = 00:00:00 ; elapsed = 00:00:00 . Memory (MB): peak = 2028.879 ; gain = 0.000

Starting Physical Synthesis Task

Phase 1 Physical Synthesis Initialization
INFO: [Physopt 32-721] Multithreading enabled for phys_opt_design using a maximum of 2 CPUs
INFO: [Physopt 32-619] Estimated Timing Summary | WNS=-1.855 | TNS=-1.855 |
Phase 1 Physical Synthesis Initialization | Checksum: 1057c6b8f

Time (s): cpu = 00:00:00 ; elapsed = 00:00:00.045 . Memory (MB): peak = 2028.879 ; gain = 0.000
INFO: [Physopt 32-619] Estimated Timing Summary | WNS=-1.855 | TNS=-1.855 |

Phase 2 DSP Register Optimization
INFO: [Physopt 32-456] No candidate cells for DSP register optimization found in the design.
INFO: [Physopt 32-775] End 2 Pass. Optimized 0 net or cell. Created 0 new cell, deleted 0 existing cell and moved 0 existing cell
Phase 2 DSP Register Optimization | Checksum: 1057c6b8f

Time (s): cpu = 00:00:00 ; elapsed = 00:00:00.047 . Memory (MB): peak = 2028.879 ; gain = 0.000

Phase 3 Critical Path Optimization
INFO: [Physopt 32-619] Estimated Timing Summary | WNS=-1.855 | TNS=-1.855 |
INFO: [Physopt 32-702] Processed net o_y_OBUF. Optimizations did not improve timing on the net.
INFO: [Physopt 32-702] Processed net b_r. Optimizations did not improve timing on the net.
INFO: [Physopt 32-710] Processed net comb_inst/n30. Critical path length was reduced through logic transformation on cell comb_inst/n30_inferred_i_1_comp.
INFO: [Physopt 32-735] Processed net comb_inst/n29. Optimization improves timing on the net.
INFO: [Physopt 32-619] Estimated Timing Summary | WNS=-1.714 | TNS=-1.714 |
INFO: [Physopt 32-663] Processed net comb_inst/n28.  Re-placed instance comb_inst/n28_inferred_i_1
INFO: [Physopt 32-735] Processed net comb_inst/n28. Optimization improves timing on the net.
INFO: [Physopt 32-619] Estimated Timing Summary | WNS=-1.678 | TNS=-1.678 |
INFO: [Physopt 32-663] Processed net comb_inst/n28.  Re-placed instance comb_inst/n28_inferred_i_1
INFO: [Physopt 32-735] Processed net comb_inst/n28. Optimization improves timing on the net.
INFO: [Physopt 32-619] Estimated Timing Summary | WNS=-1.676 | TNS=-1.676 |
INFO: [Physopt 32-710] Processed net comb_inst/n30. Critical path length was reduced through logic transformation on cell comb_inst/n30_inferred_i_1_comp_1.
INFO: [Physopt 32-735] Processed net comb_inst/n28. Optimization improves timing on the net.
INFO: [Physopt 32-619] Estimated Timing Summary | WNS=-1.292 | TNS=-1.292 |
INFO: [Physopt 32-710] Processed net comb_inst/n30. Critical path length was reduced through logic transformation on cell comb_inst/n30_inferred_i_1_comp.
INFO: [Physopt 32-735] Processed net comb_inst/n27. Optimization improves timing on the net.
INFO: [Physopt 32-619] Estimated Timing Summary | WNS=-1.057 | TNS=-1.057 |
INFO: [Physopt 32-134] Processed net comb_inst/n26. Rewiring did not optimize the net.
INFO: [Physopt 32-702] Processed net comb_inst/n26. Optimizations did not improve timing on the net.
INFO: [Physopt 32-710] Processed net comb_inst/n26. Critical path length was reduced through logic transformation on cell comb_inst/n26_inferred_i_1_comp.
INFO: [Physopt 32-735] Processed net comb_inst/n25. Optimization improves timing on the net.
INFO: [Physopt 32-619] Estimated Timing Summary | WNS=-0.948 | TNS=-0.948 |
INFO: [Physopt 32-663] Processed net comb_inst/n24.  Re-placed instance comb_inst/n24_inferred_i_1
INFO: [Physopt 32-735] Processed net comb_inst/n24. Optimization improves timing on the net.
INFO: [Physopt 32-619] Estimated Timing Summary | WNS=-0.919 | TNS=-0.919 |
INFO: [Physopt 32-710] Processed net comb_inst/n26. Critical path length was reduced through logic transformation on cell comb_inst/n26_inferred_i_1_comp_1.
INFO: [Physopt 32-735] Processed net comb_inst/n24. Optimization improves timing on the net.
INFO: [Physopt 32-619] Estimated Timing Summary | WNS=-0.375 | TNS=-0.375 |
INFO: [Physopt 32-663] Processed net comb_inst/n23.  Re-placed instance comb_inst/n23_inferred_i_1
INFO: [Physopt 32-735] Processed net comb_inst/n23. Optimization improves timing on the net.
INFO: [Physopt 32-619] Estimated Timing Summary | WNS=-0.351 | TNS=-0.351 |
INFO: [Physopt 32-710] Processed net comb_inst/n26. Critical path length was reduced through logic transformation on cell comb_inst/n26_inferred_i_1_comp.
INFO: [Physopt 32-735] Processed net comb_inst/n23. Optimization improves timing on the net.
INFO: [Physopt 32-619] Estimated Timing Summary | WNS=0.039 | TNS=0.000 |
INFO: [Physopt 32-619] Estimated Timing Summary | WNS=0.039 | TNS=0.000 |
Netlist sorting complete. Time (s): cpu = 00:00:00 ; elapsed = 00:00:00 . Memory (MB): peak = 2031.402 ; gain = 0.000
Phase 3 Critical Path Optimization | Checksum: 1057c6b8f

Time (s): cpu = 00:00:01 ; elapsed = 00:00:00.563 . Memory (MB): peak = 2031.402 ; gain = 2.523

Phase 4 Critical Path Optimization
INFO: [Physopt 32-619] Estimated Timing Summary | WNS=0.039 | TNS=0.000 |
INFO: [Physopt 32-619] Estimated Timing Summary | WNS=0.039 | TNS=0.000 |
Netlist sorting complete. Time (s): cpu = 00:00:00 ; elapsed = 00:00:00 . Memory (MB): peak = 2031.402 ; gain = 0.000
Phase 4 Critical Path Optimization | Checksum: 1057c6b8f

Time (s): cpu = 00:00:01 ; elapsed = 00:00:00.564 . Memory (MB): peak = 2031.402 ; gain = 2.523
Netlist sorting complete. Time (s): cpu = 00:00:00 ; elapsed = 00:00:00 . Memory (MB): peak = 2031.402 ; gain = 0.000
INFO: [Physopt 32-603] Post Physical Optimization Timing Summary | WNS=0.039 | TNS=0.000 |

Summary of Physical Synthesis Optimizations
============================================


-------------------------------------------------------------------------------------------------------------------------------------------------------------
|  Optimization   |  WNS Gain (ns)  |  TNS Gain (ns)  |  Added Cells  |  Removed Cells  |  Optimized Cells/Nets  |  Dont Touch  |  Iterations  |  Elapsed   |
-------------------------------------------------------------------------------------------------------------------------------------------------------------
|  DSP Register   |          0.000  |          0.000  |            0  |              0  |                     0  |           0  |           1  |  00:00:00  |
|  Critical Path  |          1.894  |          1.855  |            0  |              0  |                    10  |           0  |           2  |  00:00:01  |
|  Total          |          1.894  |          1.855  |            0  |              0  |                    10  |           0  |           3  |  00:00:01  |
-------------------------------------------------------------------------------------------------------------------------------------------------------------


Netlist sorting complete. Time (s): cpu = 00:00:00 ; elapsed = 00:00:00 . Memory (MB): peak = 2031.402 ; gain = 0.000
Ending Physical Synthesis Task | Checksum: 270ffc715

Time (s): cpu = 00:00:01 ; elapsed = 00:00:00.568 . Memory (MB): peak = 2031.402 ; gain = 2.523
INFO: [Common 17-83] Releasing license: Implementation
121 Infos, 0 Warnings, 2 Critical Warnings and 0 Errors encountered.
phys_opt_design completed successfully
Write ShapeDB Complete: Time (s): cpu = 00:00:00 ; elapsed = 00:00:00.001 . Memory (MB): peak = 2040.246 ; gain = 0.000
INFO: [Timing 38-480] Writing timing data to binary archive.
Wrote PlaceDB: Time (s): cpu = 00:00:00 ; elapsed = 00:00:00.005 . Memory (MB): peak = 2040.246 ; gain = 0.000
Wrote PulsedLatchDB: Time (s): cpu = 00:00:00 ; elapsed = 00:00:00 . Memory (MB): peak = 2040.246 ; gain = 0.000
Writing XDEF routing.
Writing XDEF routing logical nets.
Writing XDEF routing special nets.
Wrote RouteStorage: Time (s): cpu = 00:00:00 ; elapsed = 00:00:00.033 . Memory (MB): peak = 2040.246 ; gain = 0.000
Wrote Netlist Cache: Time (s): cpu = 00:00:00 ; elapsed = 00:00:00 . Memory (MB): peak = 2040.246 ; gain = 0.000
Wrote Device Cache: Time (s): cpu = 00:00:00 ; elapsed = 00:00:00.013 . Memory (MB): peak = 2040.246 ; gain = 0.000
Write Physdb Complete: Time (s): cpu = 00:00:00 ; elapsed = 00:00:00.059 . Memory (MB): peak = 2040.246 ; gain = 0.000
INFO: [Common 17-1381] The checkpoint 'C:/Users/tamka/OneDrive/Documents/Vivado_projects/project_assignment_2/project_assignment_2.runs/impl_1/Top_physopt.dcp' has been generated.
Command: route_design
Attempting to get a license for feature 'Implementation' and/or device 'xc7z010'
INFO: [Common 17-349] Got license for feature 'Implementation' and/or device 'xc7z010'
INFO: [DRC 23-27] Running DRC with 2 threads
INFO: [Vivado_Tcl 4-198] DRC finished with 0 Errors
INFO: [Vivado_Tcl 4-199] Please refer to the DRC report (report_drc) for more information.
Running DRC as a precondition to command route_design
INFO: [DRC 23-27] Running DRC with 2 threads
INFO: [Vivado_Tcl 4-198] DRC finished with 0 Errors
INFO: [Vivado_Tcl 4-199] Please refer to the DRC report (report_drc) for more information.


Starting Routing Task
INFO: [Route 35-254] Multithreading enabled for route_design using a maximum of 8 CPUs

Phase 1 Build RT Design
Checksum: PlaceDB: 4ab3d9b2 ConstDB: 0 ShapeSum: c26de7a0 RouteDB: 6998572b
Post Restoration Checksum: NetGraph: b72d09cb | NumContArr: c798c6e2 | Constraints: c2a8fa9d | Timing: c2a8fa9d
Phase 1 Build RT Design | Checksum: 30417c5e7

Time (s): cpu = 00:00:10 ; elapsed = 00:00:15 . Memory (MB): peak = 2104.879 ; gain = 53.203

Phase 2 Router Initialization

Phase 2.1 Fix Topology Constraints
Phase 2.1 Fix Topology Constraints | Checksum: 30417c5e7

Time (s): cpu = 00:00:10 ; elapsed = 00:00:15 . Memory (MB): peak = 2104.879 ; gain = 53.203

Phase 2.2 Pre Route Cleanup
Phase 2.2 Pre Route Cleanup | Checksum: 30417c5e7

Time (s): cpu = 00:00:10 ; elapsed = 00:00:15 . Memory (MB): peak = 2104.879 ; gain = 53.203
 Number of Nodes with overlaps = 0

Phase 2.3 Update Timing
Phase 2.3 Update Timing | Checksum: 1664e357e

Time (s): cpu = 00:00:10 ; elapsed = 00:00:16 . Memory (MB): peak = 2133.395 ; gain = 81.719
INFO: [Route 35-416] Intermediate Timing Summary | WNS=0.090  | TNS=0.000  | WHS=0.497  | THS=0.000  |


Router Utilization Summary
  Global Vertical Routing Utilization    = 0 %
  Global Horizontal Routing Utilization  = 0 %
  Routable Net Status*
  *Does not include unroutable nets such as driverless and loadless.
  Run report_route_status for detailed report.
  Number of Failed Nets               = 30
    (Failed Nets is the sum of unrouted and partially routed nets)
  Number of Unrouted Nets             = 30
  Number of Partially Routed Nets     = 0
  Number of Node Overlaps             = 0

Phase 2 Router Initialization | Checksum: 142997803

Time (s): cpu = 00:00:10 ; elapsed = 00:00:16 . Memory (MB): peak = 2139.289 ; gain = 87.613

Phase 3 Global Routing
Phase 3 Global Routing | Checksum: 142997803

Time (s): cpu = 00:00:10 ; elapsed = 00:00:16 . Memory (MB): peak = 2139.289 ; gain = 87.613

Phase 4 Initial Routing

Phase 4.1 Initial Net Routing Pass
Phase 4.1 Initial Net Routing Pass | Checksum: 2bef7b942

Time (s): cpu = 00:00:10 ; elapsed = 00:00:16 . Memory (MB): peak = 2139.289 ; gain = 87.613
Phase 4 Initial Routing | Checksum: 2bef7b942

Time (s): cpu = 00:00:10 ; elapsed = 00:00:16 . Memory (MB): peak = 2139.289 ; gain = 87.613

Phase 5 Rip-up And Reroute

Phase 5.1 Global Iteration 0
 Number of Nodes with overlaps = 4
 Number of Nodes with overlaps = 1
 Number of Nodes with overlaps = 1
 Number of Nodes with overlaps = 1
 Number of Nodes with overlaps = 1
 Number of Nodes with overlaps = 1
 Number of Nodes with overlaps = 0
INFO: [Route 35-416] Intermediate Timing Summary | WNS=-0.087 | TNS=-0.087 | WHS=N/A    | THS=N/A    |

Phase 5.1 Global Iteration 0 | Checksum: 2ca8512f8

Time (s): cpu = 00:00:10 ; elapsed = 00:00:16 . Memory (MB): peak = 2186.445 ; gain = 134.770
Phase 5 Rip-up And Reroute | Checksum: 2ca8512f8

Time (s): cpu = 00:00:10 ; elapsed = 00:00:16 . Memory (MB): peak = 2186.445 ; gain = 134.770

Phase 6 Delay and Skew Optimization

Phase 6.1 Delay CleanUp

Phase 6.1.1 Update Timing
Phase 6.1.1 Update Timing | Checksum: 2c6952fe2

Time (s): cpu = 00:00:10 ; elapsed = 00:00:16 . Memory (MB): peak = 2186.445 ; gain = 134.770
INFO: [Route 35-416] Intermediate Timing Summary | WNS=0.066  | TNS=0.000  | WHS=N/A    | THS=N/A    |

Phase 6.1 Delay CleanUp | Checksum: 2c6952fe2

Time (s): cpu = 00:00:10 ; elapsed = 00:00:16 . Memory (MB): peak = 2186.445 ; gain = 134.770

Phase 6.2 Clock Skew Optimization
Phase 6.2 Clock Skew Optimization | Checksum: 2c6952fe2

Time (s): cpu = 00:00:10 ; elapsed = 00:00:16 . Memory (MB): peak = 2186.445 ; gain = 134.770
Phase 6 Delay and Skew Optimization | Checksum: 2c6952fe2

Time (s): cpu = 00:00:10 ; elapsed = 00:00:16 . Memory (MB): peak = 2186.445 ; gain = 134.770

Phase 7 Post Hold Fix

Phase 7.1 Hold Fix Iter
INFO: [Route 35-416] Intermediate Timing Summary | WNS=0.066  | TNS=0.000  | WHS=0.890  | THS=0.000  |

Phase 7.1 Hold Fix Iter | Checksum: 22aee1e24

Time (s): cpu = 00:00:10 ; elapsed = 00:00:16 . Memory (MB): peak = 2186.445 ; gain = 134.770
Phase 7 Post Hold Fix | Checksum: 22aee1e24

Time (s): cpu = 00:00:10 ; elapsed = 00:00:16 . Memory (MB): peak = 2186.445 ; gain = 134.770

Phase 8 Route finalize

Router Utilization Summary
  Global Vertical Routing Utilization    = 0.0230856 %
  Global Horizontal Routing Utilization  = 0.00942096 %
  Routable Net Status*
  *Does not include unroutable nets such as driverless and loadless.
  Run report_route_status for detailed report.
  Number of Failed Nets               = 0
    (Failed Nets is the sum of unrouted and partially routed nets)
  Number of Unrouted Nets             = 0
  Number of Partially Routed Nets     = 0
  Number of Node Overlaps             = 0

Phase 8 Route finalize | Checksum: 22aee1e24

Time (s): cpu = 00:00:10 ; elapsed = 00:00:16 . Memory (MB): peak = 2186.445 ; gain = 134.770

Phase 9 Verifying routed nets

 Verification completed successfully
Phase 9 Verifying routed nets | Checksum: 22aee1e24

Time (s): cpu = 00:00:10 ; elapsed = 00:00:16 . Memory (MB): peak = 2186.445 ; gain = 134.770

Phase 10 Depositing Routes
Phase 10 Depositing Routes | Checksum: 1e349fb92

Time (s): cpu = 00:00:10 ; elapsed = 00:00:16 . Memory (MB): peak = 2186.445 ; gain = 134.770

Phase 11 Post Process Routing
Phase 11 Post Process Routing | Checksum: 1e349fb92

Time (s): cpu = 00:00:10 ; elapsed = 00:00:16 . Memory (MB): peak = 2186.445 ; gain = 134.770

Phase 12 Post Router Timing
INFO: [Route 35-57] Estimated Timing Summary | WNS=0.066  | TNS=0.000  | WHS=0.890  | THS=0.000  |

INFO: [Route 35-327] The final timing numbers are based on the router estimated timing analysis. For a complete and accurate timing signoff, please run report_timing_summary.
Phase 12 Post Router Timing | Checksum: 1e349fb92

Time (s): cpu = 00:00:10 ; elapsed = 00:00:16 . Memory (MB): peak = 2186.445 ; gain = 134.770
Total Elapsed time in route_design: 16.123 secs

Phase 13 Post-Route Event Processing
Phase 13 Post-Route Event Processing | Checksum: 1c2330174

Time (s): cpu = 00:00:10 ; elapsed = 00:00:16 . Memory (MB): peak = 2186.445 ; gain = 134.770
INFO: [Route 35-16] Router Completed Successfully
Ending Routing Task | Checksum: 1c2330174

Time (s): cpu = 00:00:10 ; elapsed = 00:00:16 . Memory (MB): peak = 2186.445 ; gain = 134.770

Routing Is Done.
INFO: [Common 17-83] Releasing license: Implementation
139 Infos, 0 Warnings, 2 Critical Warnings and 0 Errors encountered.
route_design completed successfully
route_design: Time (s): cpu = 00:00:11 ; elapsed = 00:00:18 . Memory (MB): peak = 2186.445 ; gain = 146.199
INFO: [Vivado 12-24828] Executing command : report_drc -file Top_drc_routed.rpt -pb Top_drc_routed.pb -rpx Top_drc_routed.rpx
Command: report_drc -file Top_drc_routed.rpt -pb Top_drc_routed.pb -rpx Top_drc_routed.rpx
INFO: [IP_Flow 19-1839] IP Catalog is up to date.
INFO: [DRC 23-27] Running DRC with 2 threads
INFO: [Vivado_Tcl 2-168] The results of DRC are in file C:/Users/tamka/OneDrive/Documents/Vivado_projects/project_assignment_2/project_assignment_2.runs/impl_1/Top_drc_routed.rpt.
report_drc completed successfully
INFO: [Vivado 12-24828] Executing command : report_methodology -file Top_methodology_drc_routed.rpt -pb Top_methodology_drc_routed.pb -rpx Top_methodology_drc_routed.rpx
Command: report_methodology -file Top_methodology_drc_routed.rpt -pb Top_methodology_drc_routed.pb -rpx Top_methodology_drc_routed.rpx
INFO: [Timing 38-35] Done setting XDC timing constraints.
INFO: [DRC 23-133] Running Methodology with 2 threads
INFO: [Vivado_Tcl 2-1520] The results of Report Methodology are in file C:/Users/tamka/OneDrive/Documents/Vivado_projects/project_assignment_2/project_assignment_2.runs/impl_1/Top_methodology_drc_routed.rpt.
report_methodology completed successfully
INFO: [Vivado 12-24828] Executing command : report_timing_summary -max_paths 10 -report_unconstrained -file Top_timing_summary_routed.rpt -pb Top_timing_summary_routed.pb -rpx Top_timing_summary_routed.rpx -warn_on_violation 
INFO: [Timing 38-35] Done setting XDC timing constraints.
INFO: [Timing 38-91] UpdateTimingParams: Speed grade: -1, Delay Type: min_max.
INFO: [Timing 38-191] Multithreading enabled for timing update using a maximum of 2 CPUs
INFO: [Vivado 12-24838] Running report commands "report_incremental_reuse, report_route_status" in parallel.
Running report generation with 2 threads.
INFO: [Vivado 12-24828] Executing command : report_route_status -file Top_route_status.rpt -pb Top_route_status.pb
INFO: [Vivado 12-24828] Executing command : report_incremental_reuse -file Top_incremental_reuse_routed.rpt
INFO: [Vivado_Tcl 4-1062] Incremental flow is disabled. No incremental reuse Info to report.
INFO: [Vivado 12-24828] Executing command : report_power -file Top_power_routed.rpt -pb Top_power_summary_routed.pb -rpx Top_power_routed.rpx
Command: report_power -file Top_power_routed.rpt -pb Top_power_summary_routed.pb -rpx Top_power_routed.rpx
Running Vector-less Activity Propagation...

Finished Running Vector-less Activity Propagation
156 Infos, 0 Warnings, 2 Critical Warnings and 0 Errors encountered.
report_power completed successfully
INFO: [Vivado 12-24828] Executing command : report_clock_utilization -file Top_clock_utilization_routed.rpt
WARNING: [Device 21-9320] Failed to find the Oracle tile group with name 'HSR_BOUNDARY_TOP'. This is required for Clock regions and Virtual grid.
WARNING: [Device 21-2174] Failed to initialize Virtual grid.
INFO: [Vivado 12-24828] Executing command : report_bus_skew -warn_on_violation -file Top_bus_skew_routed.rpt -pb Top_bus_skew_routed.pb -rpx Top_bus_skew_routed.rpx
INFO: [Timing 38-91] UpdateTimingParams: Speed grade: -1, Delay Type: min_max.
INFO: [Timing 38-191] Multithreading enabled for timing update using a maximum of 2 CPUs
Write ShapeDB Complete: Time (s): cpu = 00:00:00 ; elapsed = 00:00:00.002 . Memory (MB): peak = 2186.445 ; gain = 0.000
INFO: [Timing 38-480] Writing timing data to binary archive.
Wrote PlaceDB: Time (s): cpu = 00:00:00 ; elapsed = 00:00:00.004 . Memory (MB): peak = 2186.445 ; gain = 0.000
Wrote PulsedLatchDB: Time (s): cpu = 00:00:00 ; elapsed = 00:00:00 . Memory (MB): peak = 2186.445 ; gain = 0.000
Writing XDEF routing.
Writing XDEF routing logical nets.
Writing XDEF routing special nets.
Wrote RouteStorage: Time (s): cpu = 00:00:00 ; elapsed = 00:00:00.034 . Memory (MB): peak = 2186.445 ; gain = 0.000
Wrote Netlist Cache: Time (s): cpu = 00:00:00 ; elapsed = 00:00:00 . Memory (MB): peak = 2186.445 ; gain = 0.000
Wrote Device Cache: Time (s): cpu = 00:00:00 ; elapsed = 00:00:00.011 . Memory (MB): peak = 2186.445 ; gain = 0.000
Write Physdb Complete: Time (s): cpu = 00:00:00 ; elapsed = 00:00:00.059 . Memory (MB): peak = 2186.445 ; gain = 0.000
INFO: [Common 17-1381] The checkpoint 'C:/Users/tamka/OneDrive/Documents/Vivado_projects/project_assignment_2/project_assignment_2.runs/impl_1/Top_routed.dcp' has been generated.
INFO: [Common 17-206] Exiting Vivado at Tue Oct 29 15:51:07 2024...
