
*** Running vivado
    with args -log fifo_generator_1.vds -m64 -product Vivado -mode batch -messageDb vivado.pb -notrace -source fifo_generator_1.tcl



****** Vivado v2024.1 (64-bit)
  **** SW Build 5076996 on Wed May 22 18:37:14 MDT 2024
  **** IP Build 5075265 on Wed May 22 21:45:21 MDT 2024
  **** SharedData Build 5076995 on Wed May 22 18:29:18 MDT 2024
  **** Start of session at: Sun Oct 27 18:51:48 2024
    ** Copyright 1986-2022 Xilinx, Inc. All Rights Reserved.
    ** Copyright 2022-2024 Advanced Micro Devices, Inc. All Rights Reserved.

source fifo_generator_1.tcl -notrace
create_project: Time (s): cpu = 00:00:07 ; elapsed = 00:00:08 . Memory (MB): peak = 553.199 ; gain = 240.047
INFO: [IP_Flow 19-6924] IPCACHE: Running cache check for IP inst: fifo_generator_1
INFO: [IP_Flow 19-6922] IPCACHE: Exporting cached entry d934faab3cb00ffe to dir: C:/Users/tamka/OneDrive/Documents/Vivado_projects/UART_project/UART_project.runs/fifo_generator_1_synth_1
INFO: [IP_Flow 19-6928] IPCACHE: copied cached file c:/Users/tamka/OneDrive/Documents/Vivado_projects/UART_project/UART_project.cache/ip/2024.1/d/9/d934faab3cb00ffe/fifo_generator_0.dcp to C:/Users/tamka/OneDrive/Documents/Vivado_projects/UART_project/UART_project.runs/fifo_generator_1_synth_1/fifo_generator_1.dcp.
INFO: [IP_Flow 19-6928] IPCACHE: copied cached file c:/Users/tamka/OneDrive/Documents/Vivado_projects/UART_project/UART_project.cache/ip/2024.1/d/9/d934faab3cb00ffe/fifo_generator_0_sim_netlist.v to C:/Users/tamka/OneDrive/Documents/Vivado_projects/UART_project/UART_project.runs/fifo_generator_1_synth_1/fifo_generator_1_sim_netlist.v.
INFO: [IP_Flow 19-6928] IPCACHE: copied cached file c:/Users/tamka/OneDrive/Documents/Vivado_projects/UART_project/UART_project.cache/ip/2024.1/d/9/d934faab3cb00ffe/fifo_generator_0_sim_netlist.vhdl to C:/Users/tamka/OneDrive/Documents/Vivado_projects/UART_project/UART_project.runs/fifo_generator_1_synth_1/fifo_generator_1_sim_netlist.vhdl.
INFO: [IP_Flow 19-6928] IPCACHE: copied cached file c:/Users/tamka/OneDrive/Documents/Vivado_projects/UART_project/UART_project.cache/ip/2024.1/d/9/d934faab3cb00ffe/fifo_generator_0_stub.v to C:/Users/tamka/OneDrive/Documents/Vivado_projects/UART_project/UART_project.runs/fifo_generator_1_synth_1/fifo_generator_1_stub.v.
INFO: [IP_Flow 19-6928] IPCACHE: copied cached file c:/Users/tamka/OneDrive/Documents/Vivado_projects/UART_project/UART_project.cache/ip/2024.1/d/9/d934faab3cb00ffe/fifo_generator_0_stub.vhdl to C:/Users/tamka/OneDrive/Documents/Vivado_projects/UART_project/UART_project.runs/fifo_generator_1_synth_1/fifo_generator_1_stub.vhdl.
INFO: [IP_Flow 19-4838] Using cached IP synthesis design for IP fifo_generator_1, cache-ID = d934faab3cb00ffe.
INFO: [Common 17-206] Exiting Vivado at Sun Oct 27 18:51:59 2024...
