
*** Running vivado
    with args -log uart_txrx.vds -m64 -product Vivado -mode batch -messageDb vivado.pb -notrace -source uart_txrx.tcl



****** Vivado v2024.1 (64-bit)
  **** SW Build 5076996 on Wed May 22 18:37:14 MDT 2024
  **** IP Build 5075265 on Wed May 22 21:45:21 MDT 2024
  **** SharedData Build 5076995 on Wed May 22 18:29:18 MDT 2024
  **** Start of session at: Sun Oct 27 21:07:00 2024
    ** Copyright 1986-2022 Xilinx, Inc. All Rights Reserved.
    ** Copyright 2022-2024 Advanced Micro Devices, Inc. All Rights Reserved.

source uart_txrx.tcl -notrace
create_project: Time (s): cpu = 00:00:07 ; elapsed = 00:00:08 . Memory (MB): peak = 552.328 ; gain = 239.520
Command: read_checkpoint -auto_incremental -incremental C:/Users/tamka/OneDrive/Documents/Vivado_projects/UART_project/UART_project.srcs/utils_1/imports/synth_1/baud_rate_generator.dcp
INFO: [Vivado 12-5825] Read reference checkpoint from C:/Users/tamka/OneDrive/Documents/Vivado_projects/UART_project/UART_project.srcs/utils_1/imports/synth_1/baud_rate_generator.dcp for incremental synthesis
INFO: [Vivado 12-7989] Please ensure there are no constraint changes
Command: synth_design -top uart_txrx -part xc7a100tcsg324-1
Starting synth_design
Attempting to get a license for feature 'Synthesis' and/or device 'xc7a100t'
INFO: [Common 17-349] Got license for feature 'Synthesis' and/or device 'xc7a100t'
INFO: [Device 21-403] Loading part xc7a100tcsg324-1
INFO: [Device 21-9227] Part: xc7a100tcsg324-1 does not have CEAM library.
INFO: [Designutils 20-5440] No compile time benefit to using incremental synthesis; A full resynthesis will be run
INFO: [Designutils 20-4379] Flow is switching to default flow due to incremental criteria not met. If you would like to alter this behaviour and have the flow terminate instead, please set the following parameter config_implementation {autoIncr.Synth.RejectBehavior Terminate}
INFO: [Synth 8-7079] Multithreading enabled for synth_design using a maximum of 2 processes.
INFO: [Synth 8-7078] Launching helper process for spawning children vivado processes
INFO: [Synth 8-7075] Helper process launched with PID 12636
---------------------------------------------------------------------------------
Starting RTL Elaboration : Time (s): cpu = 00:00:04 ; elapsed = 00:00:06 . Memory (MB): peak = 1430.078 ; gain = 448.863
---------------------------------------------------------------------------------
INFO: [Synth 8-6157] synthesizing module 'uart_txrx' [C:/Users/tamka/OneDrive/Documents/Vivado_projects/UART_project/UART_project.srcs/sources_1/new/uart_txrx.v:23]
INFO: [Synth 8-6157] synthesizing module 'baud_rate_generator' [C:/Users/tamka/OneDrive/Documents/Vivado_projects/UART_project/UART_project.srcs/sources_1/new/baud_rate_generator.v:23]
	Parameter WIDTH bound to: 17 - type: integer 
	Parameter OVERSAMPLING_RATE bound to: 8 - type: integer 
INFO: [Synth 8-6155] done synthesizing module 'baud_rate_generator' (0#1) [C:/Users/tamka/OneDrive/Documents/Vivado_projects/UART_project/UART_project.srcs/sources_1/new/baud_rate_generator.v:23]
INFO: [Synth 8-6157] synthesizing module 'receiver' [C:/Users/tamka/OneDrive/Documents/Vivado_projects/UART_project/UART_project.srcs/sources_1/new/receiver.v:23]
	Parameter WIDTH bound to: 8 - type: integer 
	Parameter START_TICK bound to: 8 - type: integer 
	Parameter FRAME_TICK bound to: 8 - type: integer 
	Parameter END_TICK bound to: 8 - type: integer 
INFO: [Synth 8-226] default block is never used [C:/Users/tamka/OneDrive/Documents/Vivado_projects/UART_project/UART_project.srcs/sources_1/new/receiver.v:79]
INFO: [Synth 8-6155] done synthesizing module 'receiver' (0#1) [C:/Users/tamka/OneDrive/Documents/Vivado_projects/UART_project/UART_project.srcs/sources_1/new/receiver.v:23]
INFO: [Synth 8-6157] synthesizing module 'fifo_generator_0' [C:/Users/tamka/OneDrive/Documents/Vivado_projects/UART_project/UART_project.runs/synth_1/.Xil/Vivado-4740-LAPTOP-8E795V2D/realtime/fifo_generator_0_stub.v:6]
INFO: [Synth 8-6155] done synthesizing module 'fifo_generator_0' (0#1) [C:/Users/tamka/OneDrive/Documents/Vivado_projects/UART_project/UART_project.runs/synth_1/.Xil/Vivado-4740-LAPTOP-8E795V2D/realtime/fifo_generator_0_stub.v:6]
INFO: [Synth 8-6157] synthesizing module 'transmitter' [C:/Users/tamka/OneDrive/Documents/Vivado_projects/UART_project/UART_project.srcs/sources_1/new/transmitter.v:23]
	Parameter WIDTH bound to: 8 - type: integer 
	Parameter START_TICK bound to: 8 - type: integer 
	Parameter FRAME_TICK bound to: 8 - type: integer 
	Parameter END_TICK bound to: 8 - type: integer 
INFO: [Synth 8-226] default block is never used [C:/Users/tamka/OneDrive/Documents/Vivado_projects/UART_project/UART_project.srcs/sources_1/new/transmitter.v:84]
INFO: [Synth 8-6155] done synthesizing module 'transmitter' (0#1) [C:/Users/tamka/OneDrive/Documents/Vivado_projects/UART_project/UART_project.srcs/sources_1/new/transmitter.v:23]
INFO: [Synth 8-6157] synthesizing module 'fifo_generator_1' [C:/Users/tamka/OneDrive/Documents/Vivado_projects/UART_project/UART_project.runs/synth_1/.Xil/Vivado-4740-LAPTOP-8E795V2D/realtime/fifo_generator_1_stub.v:6]
INFO: [Synth 8-6155] done synthesizing module 'fifo_generator_1' (0#1) [C:/Users/tamka/OneDrive/Documents/Vivado_projects/UART_project/UART_project.runs/synth_1/.Xil/Vivado-4740-LAPTOP-8E795V2D/realtime/fifo_generator_1_stub.v:6]
INFO: [Synth 8-6155] done synthesizing module 'uart_txrx' (0#1) [C:/Users/tamka/OneDrive/Documents/Vivado_projects/UART_project/UART_project.srcs/sources_1/new/uart_txrx.v:23]
---------------------------------------------------------------------------------
Finished RTL Elaboration : Time (s): cpu = 00:00:05 ; elapsed = 00:00:07 . Memory (MB): peak = 1544.605 ; gain = 563.391
---------------------------------------------------------------------------------
---------------------------------------------------------------------------------
Start Handling Custom Attributes
---------------------------------------------------------------------------------
---------------------------------------------------------------------------------
Finished Handling Custom Attributes : Time (s): cpu = 00:00:05 ; elapsed = 00:00:07 . Memory (MB): peak = 1544.605 ; gain = 563.391
---------------------------------------------------------------------------------
---------------------------------------------------------------------------------
Finished RTL Optimization Phase 1 : Time (s): cpu = 00:00:05 ; elapsed = 00:00:07 . Memory (MB): peak = 1544.605 ; gain = 563.391
---------------------------------------------------------------------------------
Netlist sorting complete. Time (s): cpu = 00:00:00 ; elapsed = 00:00:00.001 . Memory (MB): peak = 1544.605 ; gain = 0.000
INFO: [Project 1-570] Preparing netlist for logic optimization

Processing XDC Constraints
Initializing timing engine
Parsing XDC File [c:/Users/tamka/OneDrive/Documents/Vivado_projects/UART_project/UART_project.gen/sources_1/ip/fifo_generator_1/fifo_generator_1/fifo_generator_0_in_context.xdc] for cell 'tx_fifo'
Finished Parsing XDC File [c:/Users/tamka/OneDrive/Documents/Vivado_projects/UART_project/UART_project.gen/sources_1/ip/fifo_generator_1/fifo_generator_1/fifo_generator_0_in_context.xdc] for cell 'tx_fifo'
Parsing XDC File [c:/Users/tamka/OneDrive/Documents/Vivado_projects/UART_project/UART_project.gen/sources_1/ip/fifo_generator_0/fifo_generator_0/fifo_generator_0_in_context.xdc] for cell 'rx_fifo'
Finished Parsing XDC File [c:/Users/tamka/OneDrive/Documents/Vivado_projects/UART_project/UART_project.gen/sources_1/ip/fifo_generator_0/fifo_generator_0/fifo_generator_0_in_context.xdc] for cell 'rx_fifo'
Parsing XDC File [C:/Users/tamka/OneDrive/Documents/Verilog_workshop_stuff/UART_Task1/Day 1/Nexys4DDR_Master.xdc]
WARNING: [Vivado 12-584] No ports matched 'DP'. [C:/Users/tamka/OneDrive/Documents/Verilog_workshop_stuff/UART_Task1/Day 1/Nexys4DDR_Master.xdc:68]
WARNING: [Vivado 12-584] No ports matched 'AN[0]'. [C:/Users/tamka/OneDrive/Documents/Verilog_workshop_stuff/UART_Task1/Day 1/Nexys4DDR_Master.xdc:70]
WARNING: [Vivado 12-584] No ports matched 'AN[1]'. [C:/Users/tamka/OneDrive/Documents/Verilog_workshop_stuff/UART_Task1/Day 1/Nexys4DDR_Master.xdc:71]
WARNING: [Vivado 12-584] No ports matched 'AN[2]'. [C:/Users/tamka/OneDrive/Documents/Verilog_workshop_stuff/UART_Task1/Day 1/Nexys4DDR_Master.xdc:72]
WARNING: [Vivado 12-584] No ports matched 'AN[3]'. [C:/Users/tamka/OneDrive/Documents/Verilog_workshop_stuff/UART_Task1/Day 1/Nexys4DDR_Master.xdc:73]
WARNING: [Vivado 12-584] No ports matched 'AN[4]'. [C:/Users/tamka/OneDrive/Documents/Verilog_workshop_stuff/UART_Task1/Day 1/Nexys4DDR_Master.xdc:74]
WARNING: [Vivado 12-584] No ports matched 'AN[5]'. [C:/Users/tamka/OneDrive/Documents/Verilog_workshop_stuff/UART_Task1/Day 1/Nexys4DDR_Master.xdc:75]
WARNING: [Vivado 12-584] No ports matched 'AN[6]'. [C:/Users/tamka/OneDrive/Documents/Verilog_workshop_stuff/UART_Task1/Day 1/Nexys4DDR_Master.xdc:76]
WARNING: [Vivado 12-584] No ports matched 'AN[7]'. [C:/Users/tamka/OneDrive/Documents/Verilog_workshop_stuff/UART_Task1/Day 1/Nexys4DDR_Master.xdc:77]
WARNING: [Vivado 12-584] No ports matched 'reset_n'. [C:/Users/tamka/OneDrive/Documents/Verilog_workshop_stuff/UART_Task1/Day 1/Nexys4DDR_Master.xdc:82]
WARNING: [Vivado 12-584] No ports matched 'rx'. [C:/Users/tamka/OneDrive/Documents/Verilog_workshop_stuff/UART_Task1/Day 1/Nexys4DDR_Master.xdc:219]
WARNING: [Vivado 12-584] No ports matched 'tx'. [C:/Users/tamka/OneDrive/Documents/Verilog_workshop_stuff/UART_Task1/Day 1/Nexys4DDR_Master.xdc:220]
Finished Parsing XDC File [C:/Users/tamka/OneDrive/Documents/Verilog_workshop_stuff/UART_Task1/Day 1/Nexys4DDR_Master.xdc]
WARNING: [Project 1-498] One or more constraints failed evaluation while reading constraint file [C:/Users/tamka/OneDrive/Documents/Verilog_workshop_stuff/UART_Task1/Day 1/Nexys4DDR_Master.xdc] and the design contains unresolved black boxes. These constraints will be read post-synthesis (as long as their source constraint file is marked as used_in_implementation) and should be applied correctly then. You should review the constraints listed in the file [.Xil/uart_txrx_propImpl.xdc] and check the run log file to verify that these constraints were correctly applied.
INFO: [Project 1-236] Implementation specific constraints were found while reading constraint file [C:/Users/tamka/OneDrive/Documents/Verilog_workshop_stuff/UART_Task1/Day 1/Nexys4DDR_Master.xdc]. These constraints will be ignored for synthesis but will be used in implementation. Impacted constraints are listed in the file [.Xil/uart_txrx_propImpl.xdc].
Resolution: To avoid this warning, move constraints listed in [.Xil/uart_txrx_propImpl.xdc] to another XDC file and exclude this new file from synthesis with the used_in_synthesis property (File Properties dialog in GUI) and re-run elaboration/synthesis.
Completed Processing XDC Constraints

Netlist sorting complete. Time (s): cpu = 00:00:00 ; elapsed = 00:00:00 . Memory (MB): peak = 1641.594 ; gain = 0.000
INFO: [Project 1-111] Unisim Transformation Summary:
No Unisim elements were transformed.

Constraint Validation Runtime : Time (s): cpu = 00:00:00 ; elapsed = 00:00:00.003 . Memory (MB): peak = 1641.594 ; gain = 0.000
INFO: [Designutils 20-5440] No compile time benefit to using incremental synthesis; A full resynthesis will be run
INFO: [Designutils 20-4379] Flow is switching to default flow due to incremental criteria not met. If you would like to alter this behaviour and have the flow terminate instead, please set the following parameter config_implementation {autoIncr.Synth.RejectBehavior Terminate}
---------------------------------------------------------------------------------
Finished Constraint Validation : Time (s): cpu = 00:00:12 ; elapsed = 00:00:15 . Memory (MB): peak = 1641.594 ; gain = 660.379
---------------------------------------------------------------------------------
---------------------------------------------------------------------------------
Start Loading Part and Timing Information
---------------------------------------------------------------------------------
Loading part: xc7a100tcsg324-1
---------------------------------------------------------------------------------
Finished Loading Part and Timing Information : Time (s): cpu = 00:00:12 ; elapsed = 00:00:15 . Memory (MB): peak = 1641.594 ; gain = 660.379
---------------------------------------------------------------------------------
---------------------------------------------------------------------------------
Start Applying 'set_property' XDC Constraints
---------------------------------------------------------------------------------
Applied set_property KEEP_HIERARCHY = SOFT for tx_fifo. (constraint file  auto generated constraint).
Applied set_property KEEP_HIERARCHY = SOFT for rx_fifo. (constraint file  auto generated constraint).
---------------------------------------------------------------------------------
Finished applying 'set_property' XDC Constraints : Time (s): cpu = 00:00:12 ; elapsed = 00:00:15 . Memory (MB): peak = 1641.594 ; gain = 660.379
---------------------------------------------------------------------------------
INFO: [Synth 8-802] inferred FSM for state register 'state_reg' in module 'receiver'
INFO: [Synth 8-802] inferred FSM for state register 'state_reg' in module 'transmitter'
---------------------------------------------------------------------------------------------------
                   State |                     New Encoding |                Previous Encoding 
---------------------------------------------------------------------------------------------------
                    IDLE |                               00 |                               00
                   START |                               01 |                               01
                   FRAME |                               10 |                               10
                     END |                               11 |                               11
---------------------------------------------------------------------------------------------------
INFO: [Synth 8-3354] encoded FSM with state register 'state_reg' using encoding 'sequential' in module 'receiver'
---------------------------------------------------------------------------------------------------
                   State |                     New Encoding |                Previous Encoding 
---------------------------------------------------------------------------------------------------
                    IDLE |                               00 |                               00
                   START |                               01 |                               01
                   FRAME |                               10 |                               10
                     END |                               11 |                               11
---------------------------------------------------------------------------------------------------
INFO: [Synth 8-3354] encoded FSM with state register 'state_reg' using encoding 'sequential' in module 'transmitter'
---------------------------------------------------------------------------------
Finished RTL Optimization Phase 2 : Time (s): cpu = 00:00:12 ; elapsed = 00:00:15 . Memory (MB): peak = 1641.594 ; gain = 660.379
---------------------------------------------------------------------------------
---------------------------------------------------------------------------------
Start RTL Component Statistics 
---------------------------------------------------------------------------------
Detailed RTL Component Info : 
+---Adders : 
	   2 Input    4 Bit       Adders := 2     
	   2 Input    3 Bit       Adders := 2     
+---Registers : 
	               17 Bit    Registers := 1     
	                8 Bit    Registers := 2     
	                4 Bit    Registers := 2     
	                3 Bit    Registers := 2     
	                1 Bit    Registers := 2     
+---Muxes : 
	   4 Input    8 Bit        Muxes := 1     
	   4 Input    4 Bit        Muxes := 2     
	   4 Input    3 Bit        Muxes := 2     
	   4 Input    2 Bit        Muxes := 2     
	   2 Input    2 Bit        Muxes := 2     
	   2 Input    1 Bit        Muxes := 5     
	   4 Input    1 Bit        Muxes := 11    
---------------------------------------------------------------------------------
Finished RTL Component Statistics 
---------------------------------------------------------------------------------
---------------------------------------------------------------------------------
Start Part Resource Summary
---------------------------------------------------------------------------------
Part Resources:
DSPs: 240 (col length:80)
BRAMs: 270 (col length: RAMB18 80 RAMB36 40)
---------------------------------------------------------------------------------
Finished Part Resource Summary
---------------------------------------------------------------------------------
---------------------------------------------------------------------------------
Start Cross Boundary and Area Optimization
---------------------------------------------------------------------------------
WARNING: [Synth 8-7080] Parallel synthesis criteria is not met
CRITICAL WARNING: [Synth 8-6859] multi-driven net on pin Q with 1st driver pin 'baud_rate_module/prescaler_reg[16]/Q' [C:/Users/tamka/OneDrive/Documents/Vivado_projects/UART_project/UART_project.srcs/sources_1/new/baud_rate_generator.v:56]
CRITICAL WARNING: [Synth 8-6859] multi-driven net on pin Q with 2nd driver pin 'GND' [C:/Users/tamka/OneDrive/Documents/Vivado_projects/UART_project/UART_project.srcs/sources_1/new/baud_rate_generator.v:56]
CRITICAL WARNING: [Synth 8-6858] multi-driven net Q is connected to at least one constant driver which has been preserved, other driver is ignored [C:/Users/tamka/OneDrive/Documents/Vivado_projects/UART_project/UART_project.srcs/sources_1/new/baud_rate_generator.v:56]
CRITICAL WARNING: [Synth 8-6859] multi-driven net on pin Q with 1st driver pin 'baud_rate_module/prescaler_reg[15]/Q' [C:/Users/tamka/OneDrive/Documents/Vivado_projects/UART_project/UART_project.srcs/sources_1/new/baud_rate_generator.v:56]
CRITICAL WARNING: [Synth 8-6859] multi-driven net on pin Q with 2nd driver pin 'GND' [C:/Users/tamka/OneDrive/Documents/Vivado_projects/UART_project/UART_project.srcs/sources_1/new/baud_rate_generator.v:56]
CRITICAL WARNING: [Synth 8-6858] multi-driven net Q is connected to at least one constant driver which has been preserved, other driver is ignored [C:/Users/tamka/OneDrive/Documents/Vivado_projects/UART_project/UART_project.srcs/sources_1/new/baud_rate_generator.v:56]
CRITICAL WARNING: [Synth 8-6859] multi-driven net on pin Q with 1st driver pin 'baud_rate_module/prescaler_reg[14]/Q' [C:/Users/tamka/OneDrive/Documents/Vivado_projects/UART_project/UART_project.srcs/sources_1/new/baud_rate_generator.v:56]
CRITICAL WARNING: [Synth 8-6859] multi-driven net on pin Q with 2nd driver pin 'GND' [C:/Users/tamka/OneDrive/Documents/Vivado_projects/UART_project/UART_project.srcs/sources_1/new/baud_rate_generator.v:56]
CRITICAL WARNING: [Synth 8-6858] multi-driven net Q is connected to at least one constant driver which has been preserved, other driver is ignored [C:/Users/tamka/OneDrive/Documents/Vivado_projects/UART_project/UART_project.srcs/sources_1/new/baud_rate_generator.v:56]
CRITICAL WARNING: [Synth 8-6859] multi-driven net on pin Q with 1st driver pin 'baud_rate_module/prescaler_reg[13]/Q' [C:/Users/tamka/OneDrive/Documents/Vivado_projects/UART_project/UART_project.srcs/sources_1/new/baud_rate_generator.v:56]
CRITICAL WARNING: [Synth 8-6859] multi-driven net on pin Q with 2nd driver pin 'GND' [C:/Users/tamka/OneDrive/Documents/Vivado_projects/UART_project/UART_project.srcs/sources_1/new/baud_rate_generator.v:56]
CRITICAL WARNING: [Synth 8-6858] multi-driven net Q is connected to at least one constant driver which has been preserved, other driver is ignored [C:/Users/tamka/OneDrive/Documents/Vivado_projects/UART_project/UART_project.srcs/sources_1/new/baud_rate_generator.v:56]
CRITICAL WARNING: [Synth 8-6859] multi-driven net on pin Q with 1st driver pin 'baud_rate_module/prescaler_reg[12]/Q' [C:/Users/tamka/OneDrive/Documents/Vivado_projects/UART_project/UART_project.srcs/sources_1/new/baud_rate_generator.v:56]
CRITICAL WARNING: [Synth 8-6859] multi-driven net on pin Q with 2nd driver pin 'GND' [C:/Users/tamka/OneDrive/Documents/Vivado_projects/UART_project/UART_project.srcs/sources_1/new/baud_rate_generator.v:56]
CRITICAL WARNING: [Synth 8-6858] multi-driven net Q is connected to at least one constant driver which has been preserved, other driver is ignored [C:/Users/tamka/OneDrive/Documents/Vivado_projects/UART_project/UART_project.srcs/sources_1/new/baud_rate_generator.v:56]
CRITICAL WARNING: [Synth 8-6859] multi-driven net on pin Q with 1st driver pin 'baud_rate_module/prescaler_reg[11]/Q' [C:/Users/tamka/OneDrive/Documents/Vivado_projects/UART_project/UART_project.srcs/sources_1/new/baud_rate_generator.v:56]
CRITICAL WARNING: [Synth 8-6859] multi-driven net on pin Q with 2nd driver pin 'GND' [C:/Users/tamka/OneDrive/Documents/Vivado_projects/UART_project/UART_project.srcs/sources_1/new/baud_rate_generator.v:56]
CRITICAL WARNING: [Synth 8-6858] multi-driven net Q is connected to at least one constant driver which has been preserved, other driver is ignored [C:/Users/tamka/OneDrive/Documents/Vivado_projects/UART_project/UART_project.srcs/sources_1/new/baud_rate_generator.v:56]
CRITICAL WARNING: [Synth 8-6859] multi-driven net on pin Q with 1st driver pin 'baud_rate_module/prescaler_reg[10]/Q' [C:/Users/tamka/OneDrive/Documents/Vivado_projects/UART_project/UART_project.srcs/sources_1/new/baud_rate_generator.v:56]
CRITICAL WARNING: [Synth 8-6859] multi-driven net on pin Q with 2nd driver pin 'GND' [C:/Users/tamka/OneDrive/Documents/Vivado_projects/UART_project/UART_project.srcs/sources_1/new/baud_rate_generator.v:56]
CRITICAL WARNING: [Synth 8-6858] multi-driven net Q is connected to at least one constant driver which has been preserved, other driver is ignored [C:/Users/tamka/OneDrive/Documents/Vivado_projects/UART_project/UART_project.srcs/sources_1/new/baud_rate_generator.v:56]
CRITICAL WARNING: [Synth 8-6859] multi-driven net on pin Q with 1st driver pin 'baud_rate_module/prescaler_reg[9]/Q' [C:/Users/tamka/OneDrive/Documents/Vivado_projects/UART_project/UART_project.srcs/sources_1/new/baud_rate_generator.v:56]
CRITICAL WARNING: [Synth 8-6859] multi-driven net on pin Q with 2nd driver pin 'GND' [C:/Users/tamka/OneDrive/Documents/Vivado_projects/UART_project/UART_project.srcs/sources_1/new/baud_rate_generator.v:56]
CRITICAL WARNING: [Synth 8-6858] multi-driven net Q is connected to at least one constant driver which has been preserved, other driver is ignored [C:/Users/tamka/OneDrive/Documents/Vivado_projects/UART_project/UART_project.srcs/sources_1/new/baud_rate_generator.v:56]
CRITICAL WARNING: [Synth 8-6859] multi-driven net on pin Q with 1st driver pin 'baud_rate_module/prescaler_reg[8]/Q' [C:/Users/tamka/OneDrive/Documents/Vivado_projects/UART_project/UART_project.srcs/sources_1/new/baud_rate_generator.v:56]
CRITICAL WARNING: [Synth 8-6859] multi-driven net on pin Q with 2nd driver pin 'GND' [C:/Users/tamka/OneDrive/Documents/Vivado_projects/UART_project/UART_project.srcs/sources_1/new/baud_rate_generator.v:56]
CRITICAL WARNING: [Synth 8-6858] multi-driven net Q is connected to at least one constant driver which has been preserved, other driver is ignored [C:/Users/tamka/OneDrive/Documents/Vivado_projects/UART_project/UART_project.srcs/sources_1/new/baud_rate_generator.v:56]
CRITICAL WARNING: [Synth 8-6859] multi-driven net on pin Q with 1st driver pin 'baud_rate_module/prescaler_reg[7]/Q' [C:/Users/tamka/OneDrive/Documents/Vivado_projects/UART_project/UART_project.srcs/sources_1/new/baud_rate_generator.v:56]
CRITICAL WARNING: [Synth 8-6859] multi-driven net on pin Q with 2nd driver pin 'GND' [C:/Users/tamka/OneDrive/Documents/Vivado_projects/UART_project/UART_project.srcs/sources_1/new/baud_rate_generator.v:56]
CRITICAL WARNING: [Synth 8-6858] multi-driven net Q is connected to at least one constant driver which has been preserved, other driver is ignored [C:/Users/tamka/OneDrive/Documents/Vivado_projects/UART_project/UART_project.srcs/sources_1/new/baud_rate_generator.v:56]
CRITICAL WARNING: [Synth 8-6859] multi-driven net on pin Q with 1st driver pin 'baud_rate_module/prescaler_reg[6]/Q' [C:/Users/tamka/OneDrive/Documents/Vivado_projects/UART_project/UART_project.srcs/sources_1/new/baud_rate_generator.v:56]
CRITICAL WARNING: [Synth 8-6859] multi-driven net on pin Q with 2nd driver pin 'GND' [C:/Users/tamka/OneDrive/Documents/Vivado_projects/UART_project/UART_project.srcs/sources_1/new/baud_rate_generator.v:56]
CRITICAL WARNING: [Synth 8-6858] multi-driven net Q is connected to at least one constant driver which has been preserved, other driver is ignored [C:/Users/tamka/OneDrive/Documents/Vivado_projects/UART_project/UART_project.srcs/sources_1/new/baud_rate_generator.v:56]
CRITICAL WARNING: [Synth 8-6859] multi-driven net on pin Q with 1st driver pin 'baud_rate_module/prescaler_reg[5]/Q' [C:/Users/tamka/OneDrive/Documents/Vivado_projects/UART_project/UART_project.srcs/sources_1/new/baud_rate_generator.v:56]
CRITICAL WARNING: [Synth 8-6859] multi-driven net on pin Q with 2nd driver pin 'GND' [C:/Users/tamka/OneDrive/Documents/Vivado_projects/UART_project/UART_project.srcs/sources_1/new/baud_rate_generator.v:56]
CRITICAL WARNING: [Synth 8-6858] multi-driven net Q is connected to at least one constant driver which has been preserved, other driver is ignored [C:/Users/tamka/OneDrive/Documents/Vivado_projects/UART_project/UART_project.srcs/sources_1/new/baud_rate_generator.v:56]
CRITICAL WARNING: [Synth 8-6859] multi-driven net on pin Q with 1st driver pin 'baud_rate_module/prescaler_reg[4]/Q' [C:/Users/tamka/OneDrive/Documents/Vivado_projects/UART_project/UART_project.srcs/sources_1/new/baud_rate_generator.v:56]
CRITICAL WARNING: [Synth 8-6859] multi-driven net on pin Q with 2nd driver pin 'GND' [C:/Users/tamka/OneDrive/Documents/Vivado_projects/UART_project/UART_project.srcs/sources_1/new/baud_rate_generator.v:56]
CRITICAL WARNING: [Synth 8-6858] multi-driven net Q is connected to at least one constant driver which has been preserved, other driver is ignored [C:/Users/tamka/OneDrive/Documents/Vivado_projects/UART_project/UART_project.srcs/sources_1/new/baud_rate_generator.v:56]
CRITICAL WARNING: [Synth 8-6859] multi-driven net on pin Q with 1st driver pin 'baud_rate_module/prescaler_reg[3]/Q' [C:/Users/tamka/OneDrive/Documents/Vivado_projects/UART_project/UART_project.srcs/sources_1/new/baud_rate_generator.v:56]
CRITICAL WARNING: [Synth 8-6859] multi-driven net on pin Q with 2nd driver pin 'GND' [C:/Users/tamka/OneDrive/Documents/Vivado_projects/UART_project/UART_project.srcs/sources_1/new/baud_rate_generator.v:56]
CRITICAL WARNING: [Synth 8-6858] multi-driven net Q is connected to at least one constant driver which has been preserved, other driver is ignored [C:/Users/tamka/OneDrive/Documents/Vivado_projects/UART_project/UART_project.srcs/sources_1/new/baud_rate_generator.v:56]
CRITICAL WARNING: [Synth 8-6859] multi-driven net on pin Q with 1st driver pin 'baud_rate_module/prescaler_reg[2]/Q' [C:/Users/tamka/OneDrive/Documents/Vivado_projects/UART_project/UART_project.srcs/sources_1/new/baud_rate_generator.v:56]
CRITICAL WARNING: [Synth 8-6859] multi-driven net on pin Q with 2nd driver pin 'GND' [C:/Users/tamka/OneDrive/Documents/Vivado_projects/UART_project/UART_project.srcs/sources_1/new/baud_rate_generator.v:56]
CRITICAL WARNING: [Synth 8-6858] multi-driven net Q is connected to at least one constant driver which has been preserved, other driver is ignored [C:/Users/tamka/OneDrive/Documents/Vivado_projects/UART_project/UART_project.srcs/sources_1/new/baud_rate_generator.v:56]
CRITICAL WARNING: [Synth 8-6859] multi-driven net on pin Q with 1st driver pin 'baud_rate_module/prescaler_reg[1]/Q' [C:/Users/tamka/OneDrive/Documents/Vivado_projects/UART_project/UART_project.srcs/sources_1/new/baud_rate_generator.v:56]
CRITICAL WARNING: [Synth 8-6859] multi-driven net on pin Q with 2nd driver pin 'GND' [C:/Users/tamka/OneDrive/Documents/Vivado_projects/UART_project/UART_project.srcs/sources_1/new/baud_rate_generator.v:56]
CRITICAL WARNING: [Synth 8-6858] multi-driven net Q is connected to at least one constant driver which has been preserved, other driver is ignored [C:/Users/tamka/OneDrive/Documents/Vivado_projects/UART_project/UART_project.srcs/sources_1/new/baud_rate_generator.v:56]
CRITICAL WARNING: [Synth 8-6859] multi-driven net on pin Q with 1st driver pin 'baud_rate_module/prescaler_reg[0]/Q' [C:/Users/tamka/OneDrive/Documents/Vivado_projects/UART_project/UART_project.srcs/sources_1/new/baud_rate_generator.v:56]
CRITICAL WARNING: [Synth 8-6859] multi-driven net on pin Q with 2nd driver pin 'GND' [C:/Users/tamka/OneDrive/Documents/Vivado_projects/UART_project/UART_project.srcs/sources_1/new/baud_rate_generator.v:56]
CRITICAL WARNING: [Synth 8-6858] multi-driven net Q is connected to at least one constant driver which has been preserved, other driver is ignored [C:/Users/tamka/OneDrive/Documents/Vivado_projects/UART_project/UART_project.srcs/sources_1/new/baud_rate_generator.v:56]
---------------------------------------------------------------------------------
Finished Cross Boundary and Area Optimization : Time (s): cpu = 00:00:14 ; elapsed = 00:00:17 . Memory (MB): peak = 1641.594 ; gain = 660.379
---------------------------------------------------------------------------------
---------------------------------------------------------------------------------
Start Applying XDC Timing Constraints
---------------------------------------------------------------------------------
---------------------------------------------------------------------------------
Finished Applying XDC Timing Constraints : Time (s): cpu = 00:00:19 ; elapsed = 00:00:23 . Memory (MB): peak = 1641.594 ; gain = 660.379
---------------------------------------------------------------------------------
---------------------------------------------------------------------------------
Start Timing Optimization
---------------------------------------------------------------------------------
---------------------------------------------------------------------------------
Finished Timing Optimization : Time (s): cpu = 00:00:19 ; elapsed = 00:00:23 . Memory (MB): peak = 1641.594 ; gain = 660.379
---------------------------------------------------------------------------------
---------------------------------------------------------------------------------
Start Technology Mapping
---------------------------------------------------------------------------------
---------------------------------------------------------------------------------
Finished Technology Mapping : Time (s): cpu = 00:00:19 ; elapsed = 00:00:23 . Memory (MB): peak = 1641.594 ; gain = 660.379
---------------------------------------------------------------------------------
---------------------------------------------------------------------------------
Start IO Insertion
---------------------------------------------------------------------------------
---------------------------------------------------------------------------------
Start Flattening Before IO Insertion
---------------------------------------------------------------------------------
---------------------------------------------------------------------------------
Finished Flattening Before IO Insertion
---------------------------------------------------------------------------------
---------------------------------------------------------------------------------
Start Final Netlist Cleanup
---------------------------------------------------------------------------------
---------------------------------------------------------------------------------
Finished Final Netlist Cleanup
---------------------------------------------------------------------------------
---------------------------------------------------------------------------------
Finished IO Insertion : Time (s): cpu = 00:00:23 ; elapsed = 00:00:28 . Memory (MB): peak = 1641.594 ; gain = 660.379
---------------------------------------------------------------------------------
---------------------------------------------------------------------------------
Start Renaming Generated Instances
---------------------------------------------------------------------------------
---------------------------------------------------------------------------------
Finished Renaming Generated Instances : Time (s): cpu = 00:00:23 ; elapsed = 00:00:28 . Memory (MB): peak = 1641.594 ; gain = 660.379
---------------------------------------------------------------------------------
---------------------------------------------------------------------------------
Start Rebuilding User Hierarchy
---------------------------------------------------------------------------------
---------------------------------------------------------------------------------
Finished Rebuilding User Hierarchy : Time (s): cpu = 00:00:23 ; elapsed = 00:00:28 . Memory (MB): peak = 1641.594 ; gain = 660.379
---------------------------------------------------------------------------------
---------------------------------------------------------------------------------
Start Renaming Generated Ports
---------------------------------------------------------------------------------
---------------------------------------------------------------------------------
Finished Renaming Generated Ports : Time (s): cpu = 00:00:23 ; elapsed = 00:00:28 . Memory (MB): peak = 1641.594 ; gain = 660.379
---------------------------------------------------------------------------------
---------------------------------------------------------------------------------
Start Handling Custom Attributes
---------------------------------------------------------------------------------
---------------------------------------------------------------------------------
Finished Handling Custom Attributes : Time (s): cpu = 00:00:23 ; elapsed = 00:00:28 . Memory (MB): peak = 1641.594 ; gain = 660.379
---------------------------------------------------------------------------------
---------------------------------------------------------------------------------
Start Renaming Generated Nets
---------------------------------------------------------------------------------
---------------------------------------------------------------------------------
Finished Renaming Generated Nets : Time (s): cpu = 00:00:23 ; elapsed = 00:00:28 . Memory (MB): peak = 1641.594 ; gain = 660.379
---------------------------------------------------------------------------------
---------------------------------------------------------------------------------
Start Writing Synthesis Report
---------------------------------------------------------------------------------

Report BlackBoxes: 
+------+-----------------+----------+
|      |BlackBox name    |Instances |
+------+-----------------+----------+
|1     |fifo_generator_0 |         1|
|2     |fifo_generator_1 |         1|
+------+-----------------+----------+

Report Cell Usage: 
+------+---------------+------+
|      |Cell           |Count |
+------+---------------+------+
|1     |fifo_generator |     2|
|3     |BUFG           |     1|
|4     |CARRY4         |     8|
|5     |LUT1           |     2|
|6     |LUT2           |    22|
|7     |LUT3           |    15|
|8     |LUT4           |     9|
|9     |LUT5           |     9|
|10    |LUT6           |    11|
|11    |FDCE           |    34|
|12    |FDPE           |     1|
|13    |FDRE           |    18|
|14    |IBUF           |    12|
|15    |OBUF           |    10|
+------+---------------+------+
---------------------------------------------------------------------------------
Finished Writing Synthesis Report : Time (s): cpu = 00:00:23 ; elapsed = 00:00:28 . Memory (MB): peak = 1641.594 ; gain = 660.379
---------------------------------------------------------------------------------
Synthesis finished with 0 errors, 51 critical warnings and 1 warnings.
Synthesis Optimization Runtime : Time (s): cpu = 00:00:16 ; elapsed = 00:00:26 . Memory (MB): peak = 1641.594 ; gain = 563.391
Synthesis Optimization Complete : Time (s): cpu = 00:00:23 ; elapsed = 00:00:28 . Memory (MB): peak = 1641.594 ; gain = 660.379
INFO: [Project 1-571] Translating synthesized netlist
Netlist sorting complete. Time (s): cpu = 00:00:00 ; elapsed = 00:00:00.002 . Memory (MB): peak = 1641.594 ; gain = 0.000
INFO: [Netlist 29-17] Analyzing 8 Unisim elements for replacement
INFO: [Netlist 29-28] Unisim Transformation completed in 0 CPU seconds
INFO: [Project 1-570] Preparing netlist for logic optimization
INFO: [Opt 31-138] Pushed 0 inverter(s) to 0 load pin(s).
Netlist sorting complete. Time (s): cpu = 00:00:00 ; elapsed = 00:00:00.001 . Memory (MB): peak = 1641.594 ; gain = 0.000
INFO: [Project 1-111] Unisim Transformation Summary:
No Unisim elements were transformed.

Synth Design complete | Checksum: 8d8b598e
INFO: [Common 17-83] Releasing license: Synthesis
40 Infos, 14 Warnings, 51 Critical Warnings and 0 Errors encountered.
synth_design completed successfully
synth_design: Time (s): cpu = 00:00:27 ; elapsed = 00:00:33 . Memory (MB): peak = 1641.594 ; gain = 1075.945
INFO: [runtcl-6] Synthesis results are not added to the cache due to CRITICAL_WARNING
Write ShapeDB Complete: Time (s): cpu = 00:00:00 ; elapsed = 00:00:00.001 . Memory (MB): peak = 1641.594 ; gain = 0.000
INFO: [Common 17-1381] The checkpoint 'C:/Users/tamka/OneDrive/Documents/Vivado_projects/UART_project/UART_project.runs/synth_1/uart_txrx.dcp' has been generated.
INFO: [Vivado 12-24828] Executing command : report_utilization -file uart_txrx_utilization_synth.rpt -pb uart_txrx_utilization_synth.pb
INFO: [Common 17-206] Exiting Vivado at Sun Oct 27 21:07:45 2024...
